TN:
SF:src/App.tsx
FN:31,(anonymous_0)
FN:5,App
FN:20,(anonymous_3)
FN:20,(anonymous_4)
FNF:4
FNH:4
FNDA:2,(anonymous_0)
FNDA:5,App
FNDA:3,(anonymous_3)
FNDA:3,(anonymous_4)
DA:1,1
DA:2,1
DA:3,1
DA:6,5
DA:20,3
DA:31,2
LF:6
LH:6
BRF:0
BRH:0
end_of_record
TN:
SF:src/hooks/useDidUpdateEffect.ts
FN:18,(anonymous_0)
FN:6,(anonymous_1)
FN:8,(anonymous_2)
FNF:3
FNH:3
FNDA:4,(anonymous_0)
FNDA:4,(anonymous_1)
FNDA:4,(anonymous_2)
DA:1,1
DA:6,1
DA:7,4
DA:8,4
DA:9,4
DA:11,1
DA:13,3
DA:18,4
LF:8
LH:8
BRDA:6,0,0,4
BRDA:9,1,0,1
BRDA:9,1,1,3
BRF:3
BRH:3
end_of_record
