{"/Users/haphap/Learning/design-system/src/App.tsx": {"path":"/Users/haphap/Learning/design-system/src/App.tsx","statementMap":{"0":{"start":{"line":31,"column":0},"end":{"line":31,"column":15}},"1":{"start":{"line":1,"column":25},"end":{"line":1,"column":null}},"2":{"start":{"line":2,"column":7},"end":{"line":2,"column":null}},"3":{"start":{"line":3,"column":22},"end":{"line":3,"column":null}},"4":{"start":{"line":6,"column":28},"end":{"line":6,"column":null}},"5":{"start":{"line":20,"column":31},"end":{"line":20,"column":63}},"6":{"start":{"line":20,"column":51},"end":{"line":20,"column":63}},"7":{"start":{"line":31,"column":15},"end":{"line":31,"column":null}}},"fnMap":{"0":{"name":"(anonymous_0)","decl":{"start":{"line":31,"column":0},"end":{"line":31,"column":15}},"loc":{"start":{"line":31,"column":0},"end":{"line":31,"column":15}}},"1":{"name":"App","decl":{"start":{"line":5,"column":9},"end":{"line":5,"column":15}},"loc":{"start":{"line":5,"column":15},"end":{"line":29,"column":null}}},"2":{"name":"(anonymous_3)","decl":{"start":{"line":20,"column":25},"end":{"line":20,"column":31}},"loc":{"start":{"line":20,"column":31},"end":{"line":20,"column":63}}},"3":{"name":"(anonymous_4)","decl":{"start":{"line":20,"column":40},"end":{"line":20,"column":41}},"loc":{"start":{"line":20,"column":51},"end":{"line":20,"column":63}}}},"branchMap":{},"s":{"0":2,"1":1,"2":1,"3":1,"4":5,"5":3,"6":3,"7":1},"f":{"0":2,"1":5,"2":3,"3":3},"b":{}}
,"/Users/haphap/Learning/design-system/src/hooks/useDidUpdateEffect.ts": {"path":"/Users/haphap/Learning/design-system/src/hooks/useDidUpdateEffect.ts","statementMap":{"0":{"start":{"line":18,"column":0},"end":{"line":18,"column":15}},"1":{"start":{"line":1,"column":34},"end":{"line":1,"column":null}},"2":{"start":{"line":6,"column":27},"end":{"line":16,"column":null}},"3":{"start":{"line":7,"column":18},"end":{"line":7,"column":null}},"4":{"start":{"line":8,"column":2},"end":{"line":15,"column":null}},"5":{"start":{"line":9,"column":4},"end":{"line":14,"column":5}},"6":{"start":{"line":11,"column":6},"end":{"line":11,"column":null}},"7":{"start":{"line":13,"column":6},"end":{"line":13,"column":null}},"8":{"start":{"line":18,"column":15},"end":{"line":18,"column":null}}},"fnMap":{"0":{"name":"(anonymous_0)","decl":{"start":{"line":18,"column":0},"end":{"line":18,"column":15}},"loc":{"start":{"line":18,"column":0},"end":{"line":18,"column":15}}},"1":{"name":"(anonymous_1)","decl":{"start":{"line":6,"column":27},"end":{"line":6,"column":28}},"loc":{"start":{"line":6,"column":87},"end":{"line":16,"column":null}}},"2":{"name":"(anonymous_2)","decl":{"start":{"line":8,"column":12},"end":{"line":8,"column":18}},"loc":{"start":{"line":8,"column":18},"end":{"line":15,"column":5}}}},"branchMap":{"0":{"loc":{"start":{"line":6,"column":41},"end":{"line":6,"column":76}},"type":"default-arg","locations":[{"start":{"line":6,"column":67},"end":{"line":6,"column":76}}]},"1":{"loc":{"start":{"line":9,"column":4},"end":{"line":14,"column":5}},"type":"if","locations":[{"start":{"line":9,"column":4},"end":{"line":14,"column":5}},{"start":{"line":12,"column":11},"end":{"line":14,"column":5}}]}},"s":{"0":4,"1":1,"2":1,"3":4,"4":4,"5":4,"6":1,"7":3,"8":1},"f":{"0":4,"1":4,"2":4},"b":{"0":[4],"1":[1,3]}}
}
